2021-11-09 18:23:22,560:INFO:Initializing load_model()
2021-11-09 18:23:22,560:INFO:load_model(model_name=model, platform=None, authentication=None, verbose=True)
2021-11-09 18:23:38,707:INFO:Initializing load_model()
2021-11-09 18:23:38,707:INFO:load_model(model_name=model, platform=None, authentication=None, verbose=True)
2021-11-09 18:23:39,203:INFO:Initializing load_model()
2021-11-09 18:23:39,203:INFO:load_model(model_name=model, platform=None, authentication=None, verbose=True)
2021-11-09 18:23:40,336:INFO:Initializing load_model()
2021-11-09 18:23:40,337:INFO:load_model(model_name=model, platform=None, authentication=None, verbose=True)
2021-11-09 18:23:40,739:INFO:Initializing load_model()
2021-11-09 18:23:40,745:INFO:load_model(model_name=model, platform=None, authentication=None, verbose=True)
2021-11-09 18:23:43,258:INFO:Initializing load_model()
2021-11-09 18:23:43,259:INFO:load_model(model_name=model, platform=None, authentication=None, verbose=True)
2021-11-09 18:23:43,451:INFO:Initializing predict_model()
2021-11-09 18:23:43,452:INFO:predict_model(estimator=Pipeline(steps=[('dtypes',
                 DataTypes_Auto_infer(ml_usecase='classification',
                                      numerical_features=['yearsAtCompany'],
                                      target='turnover')),
                ('imputer',
                 Simple_Imputer(categorical_strategy='not_available',
                                fill_value_categorical=None,
                                fill_value_numerical=None,
                                numeric_strategy='mean',
                                target_variable=None)),
                ('new_levels1',
                 New_Catagorical_Levels_in_TestData(rep...
                ('rem_outliers', 'passthrough'), ('cluster_all', 'passthrough'),
                ('dummy', Dummify(target='turnover')),
                ('fix_perfect', Remove_100(target='turnover')),
                ('clean_names', Clean_Colum_Names()),
                ('feature_select', 'passthrough'), ('fix_multi', 'passthrough'),
                ('dfs', 'passthrough'), ('pca', 'passthrough'),
                ['trained_model',
                 GradientBoostingClassifier(random_state=4510)]]), probability_threshold=None, encoded_labels=False, raw_score=False, round=4, verbose=True, ml_usecase=MLUsecase.CLASSIFICATION, display=None)
2021-11-09 18:23:43,453:INFO:Checking exceptions
2021-11-09 18:23:43,454:INFO:Preloading libraries
2021-11-09 18:24:09,044:INFO:Initializing load_model()
2021-11-09 18:24:09,044:INFO:load_model(model_name=model, platform=None, authentication=None, verbose=True)
2021-11-09 18:24:18,261:INFO:Initializing load_model()
2021-11-09 18:24:18,261:INFO:load_model(model_name=model, platform=None, authentication=None, verbose=True)
2021-11-09 18:24:24,870:INFO:Initializing load_model()
2021-11-09 18:24:24,870:INFO:load_model(model_name=model, platform=None, authentication=None, verbose=True)
2021-11-09 18:24:26,004:INFO:Initializing load_model()
2021-11-09 18:24:26,004:INFO:load_model(model_name=model, platform=None, authentication=None, verbose=True)
2021-11-09 18:24:26,175:INFO:Initializing predict_model()
2021-11-09 18:24:26,176:INFO:predict_model(estimator=Pipeline(steps=[('dtypes',
                 DataTypes_Auto_infer(ml_usecase='classification',
                                      numerical_features=['yearsAtCompany'],
                                      target='turnover')),
                ('imputer',
                 Simple_Imputer(categorical_strategy='not_available',
                                fill_value_categorical=None,
                                fill_value_numerical=None,
                                numeric_strategy='mean',
                                target_variable=None)),
                ('new_levels1',
                 New_Catagorical_Levels_in_TestData(rep...
                ('rem_outliers', 'passthrough'), ('cluster_all', 'passthrough'),
                ('dummy', Dummify(target='turnover')),
                ('fix_perfect', Remove_100(target='turnover')),
                ('clean_names', Clean_Colum_Names()),
                ('feature_select', 'passthrough'), ('fix_multi', 'passthrough'),
                ('dfs', 'passthrough'), ('pca', 'passthrough'),
                ['trained_model',
                 GradientBoostingClassifier(random_state=4510)]]), probability_threshold=None, encoded_labels=False, raw_score=False, round=4, verbose=True, ml_usecase=MLUsecase.CLASSIFICATION, display=None)
2021-11-09 18:24:26,182:INFO:Checking exceptions
2021-11-09 18:24:26,182:INFO:Preloading libraries
2021-11-09 18:39:26,569:INFO:Initializing load_model()
2021-11-09 18:39:26,569:INFO:load_model(model_name=model, platform=None, authentication=None, verbose=True)
2021-11-09 18:39:51,356:INFO:Initializing load_model()
2021-11-09 18:39:51,357:INFO:load_model(model_name=model, platform=None, authentication=None, verbose=True)
2021-11-09 18:39:51,720:INFO:Initializing load_model()
2021-11-09 18:39:51,721:INFO:load_model(model_name=model, platform=None, authentication=None, verbose=True)
2021-11-09 18:39:54,802:INFO:Initializing load_model()
2021-11-09 18:39:54,802:INFO:load_model(model_name=model, platform=None, authentication=None, verbose=True)
2021-11-09 18:39:55,269:INFO:Initializing load_model()
2021-11-09 18:39:55,274:INFO:load_model(model_name=model, platform=None, authentication=None, verbose=True)
2021-11-09 18:39:59,286:INFO:Initializing load_model()
2021-11-09 18:39:59,286:INFO:load_model(model_name=model, platform=None, authentication=None, verbose=True)
2021-11-09 18:40:16,176:INFO:Initializing load_model()
2021-11-09 18:40:16,176:INFO:load_model(model_name=model, platform=None, authentication=None, verbose=True)
2021-11-09 18:40:24,485:INFO:Initializing load_model()
2021-11-09 18:40:24,485:INFO:load_model(model_name=model, platform=None, authentication=None, verbose=True)
2021-11-09 18:40:27,720:INFO:Initializing load_model()
2021-11-09 18:40:27,722:INFO:load_model(model_name=model, platform=None, authentication=None, verbose=True)
2021-11-09 18:40:28,035:INFO:Initializing predict_model()
2021-11-09 18:40:28,035:INFO:predict_model(estimator=Pipeline(steps=[('dtypes',
                 DataTypes_Auto_infer(ml_usecase='classification',
                                      numerical_features=['yearsAtCompany'],
                                      target='turnover')),
                ('imputer',
                 Simple_Imputer(categorical_strategy='not_available',
                                fill_value_categorical=None,
                                fill_value_numerical=None,
                                numeric_strategy='mean',
                                target_variable=None)),
                ('new_levels1',
                 New_Catagorical_Levels_in_TestData(rep...
                ('rem_outliers', 'passthrough'), ('cluster_all', 'passthrough'),
                ('dummy', Dummify(target='turnover')),
                ('fix_perfect', Remove_100(target='turnover')),
                ('clean_names', Clean_Colum_Names()),
                ('feature_select', 'passthrough'), ('fix_multi', 'passthrough'),
                ('dfs', 'passthrough'), ('pca', 'passthrough'),
                ['trained_model',
                 GradientBoostingClassifier(random_state=4510)]]), probability_threshold=None, encoded_labels=False, raw_score=False, round=4, verbose=True, ml_usecase=MLUsecase.CLASSIFICATION, display=None)
2021-11-09 18:40:28,038:INFO:Checking exceptions
2021-11-09 18:40:28,039:INFO:Preloading libraries
2021-11-09 18:41:16,854:INFO:Initializing load_model()
2021-11-09 18:41:16,854:INFO:load_model(model_name=model, platform=None, authentication=None, verbose=True)
2021-11-09 18:41:22,208:INFO:Initializing load_model()
2021-11-09 18:41:22,208:INFO:load_model(model_name=model, platform=None, authentication=None, verbose=True)
2021-11-09 18:41:26,187:INFO:Initializing load_model()
2021-11-09 18:41:26,187:INFO:load_model(model_name=model, platform=None, authentication=None, verbose=True)
2021-11-09 18:41:27,076:INFO:Initializing load_model()
2021-11-09 18:41:27,077:INFO:load_model(model_name=model, platform=None, authentication=None, verbose=True)
2021-11-09 18:41:27,415:INFO:Initializing predict_model()
2021-11-09 18:41:27,415:INFO:predict_model(estimator=Pipeline(steps=[('dtypes',
                 DataTypes_Auto_infer(ml_usecase='classification',
                                      numerical_features=['yearsAtCompany'],
                                      target='turnover')),
                ('imputer',
                 Simple_Imputer(categorical_strategy='not_available',
                                fill_value_categorical=None,
                                fill_value_numerical=None,
                                numeric_strategy='mean',
                                target_variable=None)),
                ('new_levels1',
                 New_Catagorical_Levels_in_TestData(rep...
                ('rem_outliers', 'passthrough'), ('cluster_all', 'passthrough'),
                ('dummy', Dummify(target='turnover')),
                ('fix_perfect', Remove_100(target='turnover')),
                ('clean_names', Clean_Colum_Names()),
                ('feature_select', 'passthrough'), ('fix_multi', 'passthrough'),
                ('dfs', 'passthrough'), ('pca', 'passthrough'),
                ['trained_model',
                 GradientBoostingClassifier(random_state=4510)]]), probability_threshold=None, encoded_labels=False, raw_score=False, round=4, verbose=True, ml_usecase=MLUsecase.CLASSIFICATION, display=None)
2021-11-09 18:41:27,424:INFO:Checking exceptions
2021-11-09 18:41:27,424:INFO:Preloading libraries
2022-08-02 20:39:10,219:WARNING:No module named 'cuml'.
'cuml' is a soft dependency and not included in the pycaret installation. Please run: `pip install cuml` to install.
2022-08-02 20:39:10,220:WARNING:No module named 'cuml'.
'cuml' is a soft dependency and not included in the pycaret installation. Please run: `pip install cuml` to install.
2022-08-02 20:39:10,220:WARNING:No module named 'cuml'.
'cuml' is a soft dependency and not included in the pycaret installation. Please run: `pip install cuml` to install.
2022-08-02 20:39:10,221:WARNING:No module named 'cuml'.
'cuml' is a soft dependency and not included in the pycaret installation. Please run: `pip install cuml` to install.
2022-08-02 20:39:12,474:INFO:Initializing load_model()
2022-08-02 20:39:12,475:INFO:load_model(model_name=model, platform=None, authentication=None, verbose=True)
2022-08-02 20:39:12,484:WARNING:/home/marcus/anaconda3/lib/python3.9/site-packages/sklearn/base.py:329: UserWarning: Trying to unpickle estimator KMeans from version 1.0.2 when using version 1.1.1. This might lead to breaking code or invalid results. Use at your own risk. For more info please refer to:
https://scikit-learn.org/stable/model_persistence.html#security-maintainability-limitations
  warnings.warn(

2022-08-02 20:39:40,423:INFO:Initializing load_model()
2022-08-02 20:39:40,423:INFO:load_model(model_name=model, platform=None, authentication=None, verbose=True)
2022-08-02 20:39:40,433:WARNING:/home/marcus/anaconda3/lib/python3.9/site-packages/sklearn/base.py:329: UserWarning: Trying to unpickle estimator KMeans from version 1.0.2 when using version 1.1.1. This might lead to breaking code or invalid results. Use at your own risk. For more info please refer to:
https://scikit-learn.org/stable/model_persistence.html#security-maintainability-limitations
  warnings.warn(

2022-08-02 20:39:40,847:INFO:Initializing load_model()
2022-08-02 20:39:40,848:INFO:load_model(model_name=model, platform=None, authentication=None, verbose=True)
2022-08-02 20:39:40,861:WARNING:/home/marcus/anaconda3/lib/python3.9/site-packages/sklearn/base.py:329: UserWarning: Trying to unpickle estimator KMeans from version 1.0.2 when using version 1.1.1. This might lead to breaking code or invalid results. Use at your own risk. For more info please refer to:
https://scikit-learn.org/stable/model_persistence.html#security-maintainability-limitations
  warnings.warn(

2022-08-02 20:39:41,246:INFO:Initializing load_model()
2022-08-02 20:39:41,246:INFO:load_model(model_name=model, platform=None, authentication=None, verbose=True)
2022-08-02 20:39:41,256:WARNING:/home/marcus/anaconda3/lib/python3.9/site-packages/sklearn/base.py:329: UserWarning: Trying to unpickle estimator KMeans from version 1.0.2 when using version 1.1.1. This might lead to breaking code or invalid results. Use at your own risk. For more info please refer to:
https://scikit-learn.org/stable/model_persistence.html#security-maintainability-limitations
  warnings.warn(

2022-08-02 20:39:41,827:INFO:Initializing load_model()
2022-08-02 20:39:41,827:INFO:load_model(model_name=model, platform=None, authentication=None, verbose=True)
2022-08-02 20:39:41,835:WARNING:/home/marcus/anaconda3/lib/python3.9/site-packages/sklearn/base.py:329: UserWarning: Trying to unpickle estimator KMeans from version 1.0.2 when using version 1.1.1. This might lead to breaking code or invalid results. Use at your own risk. For more info please refer to:
https://scikit-learn.org/stable/model_persistence.html#security-maintainability-limitations
  warnings.warn(

2022-08-02 20:39:42,050:INFO:Initializing load_model()
2022-08-02 20:39:42,051:INFO:load_model(model_name=model, platform=None, authentication=None, verbose=True)
2022-08-02 20:39:42,065:WARNING:/home/marcus/anaconda3/lib/python3.9/site-packages/sklearn/base.py:329: UserWarning: Trying to unpickle estimator KMeans from version 1.0.2 when using version 1.1.1. This might lead to breaking code or invalid results. Use at your own risk. For more info please refer to:
https://scikit-learn.org/stable/model_persistence.html#security-maintainability-limitations
  warnings.warn(

2022-08-02 20:39:42,336:INFO:Initializing load_model()
2022-08-02 20:39:42,337:INFO:load_model(model_name=model, platform=None, authentication=None, verbose=True)
2022-08-02 20:39:42,366:WARNING:/home/marcus/anaconda3/lib/python3.9/site-packages/sklearn/base.py:329: UserWarning: Trying to unpickle estimator KMeans from version 1.0.2 when using version 1.1.1. This might lead to breaking code or invalid results. Use at your own risk. For more info please refer to:
https://scikit-learn.org/stable/model_persistence.html#security-maintainability-limitations
  warnings.warn(

2022-08-02 20:39:42,711:INFO:Initializing load_model()
2022-08-02 20:39:42,712:INFO:load_model(model_name=model, platform=None, authentication=None, verbose=True)
2022-08-02 20:39:42,729:WARNING:/home/marcus/anaconda3/lib/python3.9/site-packages/sklearn/base.py:329: UserWarning: Trying to unpickle estimator KMeans from version 1.0.2 when using version 1.1.1. This might lead to breaking code or invalid results. Use at your own risk. For more info please refer to:
https://scikit-learn.org/stable/model_persistence.html#security-maintainability-limitations
  warnings.warn(

2022-08-02 20:39:50,955:INFO:Initializing load_model()
2022-08-02 20:39:50,956:INFO:load_model(model_name=model, platform=None, authentication=None, verbose=True)
2022-08-02 20:39:50,963:WARNING:/home/marcus/anaconda3/lib/python3.9/site-packages/sklearn/base.py:329: UserWarning: Trying to unpickle estimator KMeans from version 1.0.2 when using version 1.1.1. This might lead to breaking code or invalid results. Use at your own risk. For more info please refer to:
https://scikit-learn.org/stable/model_persistence.html#security-maintainability-limitations
  warnings.warn(

2022-08-02 20:39:52,994:INFO:Initializing load_model()
2022-08-02 20:39:52,995:INFO:load_model(model_name=model, platform=None, authentication=None, verbose=True)
2022-08-02 20:39:53,007:WARNING:/home/marcus/anaconda3/lib/python3.9/site-packages/sklearn/base.py:329: UserWarning: Trying to unpickle estimator KMeans from version 1.0.2 when using version 1.1.1. This might lead to breaking code or invalid results. Use at your own risk. For more info please refer to:
https://scikit-learn.org/stable/model_persistence.html#security-maintainability-limitations
  warnings.warn(

2022-08-02 20:39:53,077:INFO:Initializing predict_model()
2022-08-02 20:39:53,077:INFO:predict_model(self=<pycaret.classification.oop.ClassificationExperiment object at 0x7f19e16f32e0>, estimator=Pipeline(memory=Memory(location=/tmp/joblib),
         steps=[('numerical_imputer',
                 TransformerWrapper(include=['satisfaction', 'evaluation',
                                             'averageMonthlyHours',
                                             'yearsAtCompany'],
                                    transformer=SimpleImputer())),
                ('categorical_imputer',
                 TransformerWrapper(include=[],
                                    transformer=SimpleImputer(fill_value='constant',
                                                              strategy='constant'))),
                ('low_variance',
                 TransformerWrapper(exclude=[],
                                    transformer=VarianceThreshold(threshold=0))),
                ('balance',
                 TransformerWrapper(transformer=FixImbalancer(estimator=SMOTE()))),
                ('normalize', TransformerWrapper(transformer=MinMaxScaler())),
                ('actual_estimator',
                 GradientBoostingClassifier(random_state=6185))]), probability_threshold=None, encoded_labels=False, raw_score=False, drift_report=False, round=4, verbose=True, ml_usecase=None, preprocess=True, replace_labels_in_column=<function _SupervisedExperiment.predict_model.<locals>.replace_labels_in_column at 0x7f19e15a3a60>)
2022-08-02 20:39:53,078:INFO:Checking exceptions
2022-08-02 20:39:53,078:INFO:Preloading libraries
2022-08-02 20:39:53,088:INFO:Set up data.
2022-08-02 20:39:53,376:WARNING:app.py:94: UserWarning: Matplotlib is currently using agg, which is a non-GUI backend, so cannot show the figure.
  plt.show()

2022-08-02 20:42:58,398:WARNING:No module named 'cuml'.
'cuml' is a soft dependency and not included in the pycaret installation. Please run: `pip install cuml` to install.
2022-08-02 20:42:58,403:WARNING:No module named 'cuml'.
'cuml' is a soft dependency and not included in the pycaret installation. Please run: `pip install cuml` to install.
2022-08-02 20:42:58,404:WARNING:No module named 'cuml'.
'cuml' is a soft dependency and not included in the pycaret installation. Please run: `pip install cuml` to install.
2022-08-02 20:42:58,404:WARNING:No module named 'cuml'.
'cuml' is a soft dependency and not included in the pycaret installation. Please run: `pip install cuml` to install.
2022-08-02 20:42:59,653:INFO:Initializing load_model()
2022-08-02 20:42:59,655:INFO:load_model(model_name=model, platform=None, authentication=None, verbose=True)
2022-08-02 20:44:13,910:WARNING:No module named 'cuml'.
'cuml' is a soft dependency and not included in the pycaret installation. Please run: `pip install cuml` to install.
2022-08-02 20:44:13,911:WARNING:No module named 'cuml'.
'cuml' is a soft dependency and not included in the pycaret installation. Please run: `pip install cuml` to install.
2022-08-02 20:44:13,912:WARNING:No module named 'cuml'.
'cuml' is a soft dependency and not included in the pycaret installation. Please run: `pip install cuml` to install.
2022-08-02 20:44:13,912:WARNING:No module named 'cuml'.
'cuml' is a soft dependency and not included in the pycaret installation. Please run: `pip install cuml` to install.
2022-08-02 20:44:15,744:INFO:Initializing load_model()
2022-08-02 20:44:15,745:INFO:load_model(model_name=model, platform=None, authentication=None, verbose=True)
2022-08-02 20:44:15,752:WARNING:/home/marcus/anaconda3/lib/python3.9/site-packages/sklearn/base.py:329: UserWarning: Trying to unpickle estimator KMeans from version 1.0.2 when using version 1.1.1. This might lead to breaking code or invalid results. Use at your own risk. For more info please refer to:
https://scikit-learn.org/stable/model_persistence.html#security-maintainability-limitations
  warnings.warn(

2022-08-02 20:45:19,328:WARNING:No module named 'cuml'.
'cuml' is a soft dependency and not included in the pycaret installation. Please run: `pip install cuml` to install.
2022-08-02 20:45:19,329:WARNING:No module named 'cuml'.
'cuml' is a soft dependency and not included in the pycaret installation. Please run: `pip install cuml` to install.
2022-08-02 20:45:19,330:WARNING:No module named 'cuml'.
'cuml' is a soft dependency and not included in the pycaret installation. Please run: `pip install cuml` to install.
2022-08-02 20:45:19,330:WARNING:No module named 'cuml'.
'cuml' is a soft dependency and not included in the pycaret installation. Please run: `pip install cuml` to install.
2022-08-02 20:45:20,657:INFO:Initializing load_model()
2022-08-02 20:45:20,658:INFO:load_model(model_name=model, platform=None, authentication=None, verbose=True)
2022-08-02 20:45:20,672:WARNING:/home/marcus/anaconda3/lib/python3.9/site-packages/sklearn/base.py:329: UserWarning: Trying to unpickle estimator KMeans from version 1.0.2 when using version 1.1.1. This might lead to breaking code or invalid results. Use at your own risk. For more info please refer to:
https://scikit-learn.org/stable/model_persistence.html#security-maintainability-limitations
  warnings.warn(

2022-08-02 20:46:39,918:WARNING:No module named 'cuml'.
'cuml' is a soft dependency and not included in the pycaret installation. Please run: `pip install cuml` to install.
2022-08-02 20:46:39,919:WARNING:No module named 'cuml'.
'cuml' is a soft dependency and not included in the pycaret installation. Please run: `pip install cuml` to install.
2022-08-02 20:46:39,919:WARNING:No module named 'cuml'.
'cuml' is a soft dependency and not included in the pycaret installation. Please run: `pip install cuml` to install.
2022-08-02 20:46:39,920:WARNING:No module named 'cuml'.
'cuml' is a soft dependency and not included in the pycaret installation. Please run: `pip install cuml` to install.
2022-08-02 20:46:41,436:INFO:Initializing load_model()
2022-08-02 20:46:41,436:INFO:load_model(model_name=model, platform=None, authentication=None, verbose=True)
2022-08-02 20:46:41,455:WARNING:/home/marcus/anaconda3/lib/python3.9/site-packages/sklearn/base.py:329: UserWarning: Trying to unpickle estimator KMeans from version 1.0.2 when using version 1.1.1. This might lead to breaking code or invalid results. Use at your own risk. For more info please refer to:
https://scikit-learn.org/stable/model_persistence.html#security-maintainability-limitations
  warnings.warn(

